<?xml version="1.0" encoding="UTF-8"?>  
<beans xmlns="http://www.springframework.org/schema/beans"
	xmlns:xsi="http://www.w3.org/2001/XMLSchema-instance"
	xmlns:mvc="http://www.springframework.org/schema/mvc"
	xmlns:dubbo="http://code.alibabatech.com/schema/dubbo"
	xmlns:context="http://www.springframework.org/schema/context" 
	xsi:schemaLocation="http://www.springframework.org/schema/beans http://www.springframework.org/schema/beans/spring-beans-4.0.xsd
		http://www.springframework.org/schema/context http://www.springframework.org/schema/context/spring-context-4.0.xsd
		http://www.springframework.org/schema/mvc http://www.springframework.org/schema/mvc/spring-mvc-4.0.xsd
        http://code.alibabatech.com/schema/dubbo
        http://code.alibabatech.com/schema/dubbo/dubbo.xsd">  

    <dubbo:application  name="test2" owner="test2"/>
    <dubbo:registry protocol="zookeeper" address="127.0.0.1:2181" /><!-- Dubbo服务注册中心地址 -->
    <dubbo:protocol name="dubbo" port="-1"/>    
    <dubbo:service interface="com.hd.interfaces.IUserInfoService"   ref="userInfoService" retries="0" timeout="100000" version="test"></dubbo:service>   
 
</beans> 